[2019/11/23-14:40:17][INFO][main.cpp main() :58][create log dir fail.]
[2019/11/23-14:40:17][INFO][online_judge.cpp start_run() :392][online default action.]
[2019/11/23-14:41:22][INFO][main.cpp main() :58][create log dir fail.]
[2019/11/23-14:41:22][INFO][online_judge.cpp start_run() :392][online default action.]
[2019/11/23-14:41:22][INFO][online_judge.cpp start_run() :394][begin compile]
[2019/11/23-14:46:35][INFO][main.cpp main() :58][create log dir fail.]
[2019/11/23-14:46:35][INFO][online_judge.cpp start_run() :400][online default action.]
[2019/11/23-14:46:35][INFO][online_judge.cpp start_run() :402][begin compile]
[2019/11/23-14:46:37][INFO][online_judge.cpp start_run() :405][compile_cpp fail []]
[2019/11/23-14:46:37][ERR][server_tools.cpp callback_client() :36][callbask connect fail, msg = CE,0,0,, ip = 127.0.0.1, port = 7736]
[2019/11/23-14:49:06][INFO][main.cpp main() :58][create log dir fail.]
[2019/11/23-14:49:06][INFO][online_judge.cpp start_run() :400][online default action.]
[2019/11/23-14:49:06][INFO][online_judge.cpp start_run() :402][begin compile]
[2019/11/23-14:49:09][INFO][online_judge.cpp start_run() :405][compile_cpp fail [] 0 17]
[2019/11/23-14:49:09][ERR][server_tools.cpp callback_client() :36][callbask connect fail, msg = CE,0,0,, ip = 127.0.0.1, port = 7736]
[2019/11/23-16:03:14][INFO][main.cpp main() :58][create log dir fail.]
[2019/11/23-16:03:14][INFO][online_judge.cpp start_run() :402][online default action.]
[2019/11/23-16:03:14][INFO][online_judge.cpp start_run() :404][begin compile]
[2019/11/23-16:03:17][DEBUG][online_judge.cpp run_default_action() :320][pipe (AC,2,3404,)]
[2019/11/23-16:03:17][ERR][server_tools.cpp callback_client() :36][callbask connect fail, msg = AC,2,3404,, ip = 127.0.0.1, port = 7736]
[2019/11/23-16:04:44][INFO][main.cpp main() :58][create log dir fail.]
[2019/11/23-16:04:44][INFO][online_judge.cpp start_run() :403][online default action.]
[2019/11/23-16:04:44][INFO][online_judge.cpp start_run() :405][begin compile]
[2019/11/23-16:04:46][DEBUG][online_judge.cpp run_default_action() :320][pipe (AC,1,3380,)]
[2019/11/23-16:04:46][ERR][server_tools.cpp callback_client() :36][callbask connect fail, msg = AC,1,3380,, ip = 127.0.0.1, port = 7736]
[2019/11/23-16:05:00][INFO][main.cpp main() :58][create log dir fail.]
[2019/11/23-16:05:00][INFO][online_judge.cpp start_run() :403][online default action.]
[2019/11/23-16:05:00][INFO][online_judge.cpp start_run() :405][begin compile]
[2019/11/23-16:05:03][DEBUG][online_judge.cpp run_default_action() :320][pipe (AC,1,3448,)]
[2019/11/23-16:05:03][ERR][server_tools.cpp callback_client() :36][callbask connect fail, msg = AC,1,3448,, ip = 127.0.0.1, port = 7736]
[2019/11/23-16:05:28][INFO][main.cpp main() :58][create log dir fail.]
[2019/11/23-16:05:28][INFO][online_judge.cpp start_run() :403][online default action.]
[2019/11/23-16:05:28][INFO][online_judge.cpp start_run() :405][begin compile]
[2019/11/23-16:05:31][DEBUG][online_judge.cpp run_default_action() :320][pipe (AC,1,3396,)]
[2019/11/23-16:05:31][ERR][server_tools.cpp callback_client() :36][callbask connect fail, msg = AC,1,3396,, ip = 127.0.0.1, port = 7736]
[2019/11/23-16:06:40][INFO][main.cpp main() :58][create log dir fail.]
[2019/11/23-16:06:40][INFO][online_judge.cpp start_run() :401][online default action.]
[2019/11/23-16:06:40][INFO][online_judge.cpp start_run() :403][begin compile]
[2019/11/23-16:06:43][DEBUG][online_judge.cpp run_default_action() :320][pipe (AC,1,3456,)]
[2019/11/23-16:06:43][ERR][server_tools.cpp callback_client() :36][callbask connect fail, msg = AC,1,3456,, ip = 127.0.0.1, port = 7736]
[2019/11/23-16:07:06][INFO][main.cpp main() :58][create log dir fail.]
[2019/11/23-16:07:06][INFO][online_judge.cpp start_run() :401][online default action.]
[2019/11/23-16:07:06][INFO][online_judge.cpp start_run() :403][begin compile]
[2019/11/23-16:07:09][INFO][online_judge.cpp start_run() :406][compile_cpp fail [/home/weilinchen/workspace/sandbox/sandbox/main.cpp: In function ‘int main()’:/home/weilinchen/workspace/sandbox/sandbox/main.cpp:8:3: error: expected initializer before ‘while’   while (~scanf("%d %d", &a, &b)) {   ^~~~~/home/weilinchen/workspace/sandbox/sandbox/main.cpp:7:7: warning: unused variable ‘a’ [-Wunused-variable]   int a, b       ^] 357 -1]
[2019/11/23-16:07:09][ERR][server_tools.cpp callback_client() :36][callbask connect fail, msg = CE,0,0,/home/weilinchen/workspace/sandbox/sandbox/main.cpp: In function ‘int main()’:/home/weilinchen/workspace/sandbox/sandbox/main.cpp:8:3: error: expected initializer before ‘while’   while (~scanf("%d %d", &a, &b)) {   ^~~~~/home/weilinchen/workspace/sandbox/sandbox/main.cpp:7:7: warning: unused variable ‘a’ [-Wunused-variable]   int a, b       ^, ip = 127.0.0.1, port = 7736]
